Using pre-set license
Built from '2021.3/staging' branch; Version is '2021.3.10f1 (1c7d0df0160b) revision 1867021'; Using compiler version '192829333'; Build Type 'Release'
OS: 'Windows 11  (10.0.22631) 64bit Professional' Language: 'en' Physical Memory: 32693 MB
BatchMode: 1, IsHumanControllingUs: 0, StartBugReporterOnCrash: 0, Is64bit: 1, IsPro: 1

COMMAND LINE ARGUMENTS:
C:\Program Files\Unity\Hub\Editor\2021.3.10f1\Editor\Unity.exe
-adb2
-batchMode
-noUpm
-name
AssetImportWorker0
-projectPath
C:/Users/aaron/Documents/GitHub/FPS-Ragdoll-Gun-Game/FPS-Ragdoll-Gun-Game
-logFile
Logs/AssetImportWorker0.log
-srvPort
55244
Successfully changed project path to: C:/Users/aaron/Documents/GitHub/FPS-Ragdoll-Gun-Game/FPS-Ragdoll-Gun-Game
C:/Users/aaron/Documents/GitHub/FPS-Ragdoll-Gun-Game/FPS-Ragdoll-Gun-Game
[UnityMemory] Configuration Parameters - Can be set up in boot.config
    "memorysetup-bucket-allocator-granularity=16"
    "memorysetup-bucket-allocator-bucket-count=8"
    "memorysetup-bucket-allocator-block-size=33554432"
    "memorysetup-bucket-allocator-block-count=8"
    "memorysetup-main-allocator-block-size=16777216"
    "memorysetup-thread-allocator-block-size=16777216"
    "memorysetup-gfx-main-allocator-block-size=16777216"
    "memorysetup-gfx-thread-allocator-block-size=16777216"
    "memorysetup-cache-allocator-block-size=4194304"
    "memorysetup-typetree-allocator-block-size=2097152"
    "memorysetup-profiler-bucket-allocator-granularity=16"
    "memorysetup-profiler-bucket-allocator-bucket-count=8"
    "memorysetup-profiler-bucket-allocator-block-size=33554432"
    "memorysetup-profiler-bucket-allocator-block-count=8"
    "memorysetup-profiler-allocator-block-size=16777216"
    "memorysetup-profiler-editor-allocator-block-size=1048576"
    "memorysetup-temp-allocator-size-main=16777216"
    "memorysetup-job-temp-allocator-block-size=2097152"
    "memorysetup-job-temp-allocator-block-size-background=1048576"
    "memorysetup-job-temp-allocator-reduction-small-platforms=262144"
    "memorysetup-temp-allocator-size-background-worker=32768"
    "memorysetup-temp-allocator-size-job-worker=262144"
    "memorysetup-temp-allocator-size-preload-manager=33554432"
    "memorysetup-temp-allocator-size-nav-mesh-worker=65536"
    "memorysetup-temp-allocator-size-audio-worker=65536"
    "memorysetup-temp-allocator-size-cloud-worker=32768"
    "memorysetup-temp-allocator-size-gi-baking-worker=262144"
    "memorysetup-temp-allocator-size-gfx=262144"
Refreshing native plugins compatible for Editor in 96.60 ms, found 3 plugins.
Preloading 0 native plugins for Editor in 0.00 ms.
Initialize engine version: 2021.3.10f1 (1c7d0df0160b)
[Subsystems] Discovering subsystems at path C:/Program Files/Unity/Hub/Editor/2021.3.10f1/Editor/Data/Resources/UnitySubsystems
[Subsystems] Discovering subsystems at path C:/Users/aaron/Documents/GitHub/FPS-Ragdoll-Gun-Game/FPS-Ragdoll-Gun-Game/Assets
GfxDevice: creating device client; threaded=0; jobified=0
Direct3D:
    Version:  Direct3D 11.0 [level 11.1]
    Renderer: Radeon RX 560 Series (ID=0x67ff)
    Vendor:   ATI
    VRAM:     4074 MB
    Driver:   31.0.21905.1001
Initialize mono
Mono path[0] = 'C:/Program Files/Unity/Hub/Editor/2021.3.10f1/Editor/Data/Managed'
Mono path[1] = 'C:/Program Files/Unity/Hub/Editor/2021.3.10f1/Editor/Data/MonoBleedingEdge/lib/mono/unityjit-win32'
Mono config path = 'C:/Program Files/Unity/Hub/Editor/2021.3.10f1/Editor/Data/MonoBleedingEdge/etc'
Using monoOptions --debugger-agent=transport=dt_socket,embedding=1,server=y,suspend=n,address=127.0.0.1:56448
Begin MonoManager ReloadAssembly
Registering precompiled unity dll's ...
Register platform support module: C:/Program Files/Unity/Hub/Editor/2021.3.10f1/Editor/Data/PlaybackEngines/WindowsStandaloneSupport/UnityEditor.WindowsStandalone.Extensions.dll
Registered in 0.004984 seconds.
Native extension for WindowsStandalone target not found
Refreshing native plugins compatible for Editor in 102.83 ms, found 3 plugins.
Preloading 0 native plugins for Editor in 0.00 ms.
Mono: successfully reloaded assembly
- Completed reload, in  0.639 seconds
Domain Reload Profiling:
	ReloadAssembly (639ms)
		BeginReloadAssembly (81ms)
			ExecutionOrderSort (0ms)
			DisableScriptedObjects (0ms)
			BackupInstance (0ms)
			ReleaseScriptingObjects (0ms)
			CreateAndSetChildDomain (1ms)
		EndReloadAssembly (448ms)
			LoadAssemblies (76ms)
			RebuildTransferFunctionScriptingTraits (0ms)
			SetupTypeCache (93ms)
			ReleaseScriptCaches (0ms)
			RebuildScriptCaches (28ms)
			SetupLoadedEditorAssemblies (278ms)
				LogAssemblyErrors (0ms)
				InitializePlatformSupportModulesInManaged (7ms)
				SetLoadedEditorAssemblies (0ms)
				RefreshPlugins (103ms)
				BeforeProcessingInitializeOnLoad (2ms)
				ProcessInitializeOnLoadAttributes (124ms)
				ProcessInitializeOnLoadMethodAttributes (41ms)
				AfterProcessingInitializeOnLoad (0ms)
				EditorAssembliesLoaded (0ms)
			ExecutionOrderSort2 (0ms)
			AwakeInstancesAfterBackupRestoration (0ms)
Platform modules already initialized, skipping
Registering precompiled user dll's ...
Registered in 0.008175 seconds.
Begin MonoManager ReloadAssembly
Symbol file LoadedFromMemory doesn't match image C:\Users\aaron\Documents\GitHub\FPS-Ragdoll-Gun-Game\FPS-Ragdoll-Gun-Game\Library\PackageCache\com.unity.visualscripting@1.7.8\Editor\VisualScripting.Core\Dependencies\YamlDotNet\Unity.VisualScripting.YamlDotNet.dll
Symbol file LoadedFromMemory doesn't match image C:\Users\aaron\Documents\GitHub\FPS-Ragdoll-Gun-Game\FPS-Ragdoll-Gun-Game\Library\PackageCache\com.unity.visualscripting@1.7.8\Editor\VisualScripting.Core\Dependencies\DotNetZip\Unity.VisualScripting.IonicZip.dll
Native extension for WindowsStandalone target not found
Refreshing native plugins compatible for Editor in 94.81 ms, found 3 plugins.
Preloading 0 native plugins for Editor in 0.00 ms.
Mono: successfully reloaded assembly
- Completed reload, in  1.223 seconds
Domain Reload Profiling:
	ReloadAssembly (1224ms)
		BeginReloadAssembly (113ms)
			ExecutionOrderSort (0ms)
			DisableScriptedObjects (5ms)
			BackupInstance (0ms)
			ReleaseScriptingObjects (0ms)
			CreateAndSetChildDomain (25ms)
		EndReloadAssembly (986ms)
			LoadAssemblies (87ms)
			RebuildTransferFunctionScriptingTraits (0ms)
			SetupTypeCache (259ms)
			ReleaseScriptCaches (1ms)
			RebuildScriptCaches (64ms)
			SetupLoadedEditorAssemblies (542ms)
				LogAssemblyErrors (0ms)
				InitializePlatformSupportModulesInManaged (5ms)
				SetLoadedEditorAssemblies (0ms)
				RefreshPlugins (95ms)
				BeforeProcessingInitializeOnLoad (109ms)
				ProcessInitializeOnLoadAttributes (251ms)
				ProcessInitializeOnLoadMethodAttributes (71ms)
				AfterProcessingInitializeOnLoad (9ms)
				EditorAssembliesLoaded (1ms)
			ExecutionOrderSort2 (0ms)
			AwakeInstancesAfterBackupRestoration (6ms)
Platform modules already initialized, skipping
========================================================================
Worker process is ready to serve import requests
Launched and connected shader compiler UnityShaderCompiler.exe after 0.04 seconds
Refreshing native plugins compatible for Editor in 3.17 ms, found 3 plugins.
Preloading 0 native plugins for Editor in 0.00 ms.
Unloading 5212 Unused Serialized files (Serialized files now loaded: 0)
Unloading 44 unused Assets / (1.1 MB). Loaded Objects now: 5657.
Memory consumption went from 204.5 MB to 203.4 MB.
Total: 5.818500 ms (FindLiveObjects: 0.532700 ms CreateObjectMapping: 0.438200 ms MarkObjects: 4.365600 ms  DeleteObjects: 0.480900 ms)

AssetImportParameters requested are different than current active one (requested -> active):
  custom:video-decoder-ogg-theora: a1e56fd34408186e4bbccfd4996cb3dc -> 
  custom:container-muxer-webm: aa71ff27fc2769a1b78a27578f13a17b -> 
  custom:container-demuxer-webm: 4f35f7cbe854078d1ac9338744f61a02 -> 
  custom:video-encoder-webm-vp8: eb34c28f22e8b96e1ab97ce403110664 -> 
  custom:video-codec-MediaFoundation-h265: 746d11721c4dcdbdad8f713fa42b33f4 -> 
  custom:audio-encoder-webm-vorbis: bf7c407c2cedff20999df2af8eb42d56 -> 
  custom:framework-win-MediaFoundation: 216162199b28c13a410421893ffa2e32 -> 
  custom:container-demuxer-ogg: 62fdf1f143b41e24485cea50d1cbac27 -> 
  custom:video-decoder-webm-vp8: 9c59270c3fd7afecdb556c50c9e8de78 -> 
  custom:audio-decoder-ogg-vorbis: bf7c407c2cedff20999df2af8eb42d56 -> 
========================================================================
Received Import Request.
  Time since last request: 320137.106257 seconds.
  path: Assets/Moddels/DirtWall.fbx
  artifactKey: Guid(c5f3e0a0ec45d7e4e908bd272bb7aaae) Importer(815301076,1909f56bfc062723c751e8b465ee728b)
Start importing Assets/Moddels/DirtWall.fbx using Guid(c5f3e0a0ec45d7e4e908bd272bb7aaae) Importer(815301076,1909f56bfc062723c751e8b465ee728b)  -> (artifact id: 'e49329abbe230ef86f0bc082c0b765aa') in 0.325282 seconds 
========================================================================
Received Import Request.
  Time since last request: 13.988603 seconds.
  path: Assets/Art/New Material 1.mat
  artifactKey: Guid(953539bf949ef33488b17375ae9f3824) Importer(815301076,1909f56bfc062723c751e8b465ee728b)
Start importing Assets/Art/New Material 1.mat using Guid(953539bf949ef33488b17375ae9f3824) Importer(815301076,1909f56bfc062723c751e8b465ee728b)  -> (artifact id: 'ab0b67a4c2a84e15d737ce0c92fd5269') in 0.031144 seconds 
========================================================================
Received Prepare
Registering precompiled user dll's ...
Registered in 0.009456 seconds.
Begin MonoManager ReloadAssembly
Symbol file LoadedFromMemory doesn't match image C:\Users\aaron\Documents\GitHub\FPS-Ragdoll-Gun-Game\FPS-Ragdoll-Gun-Game\Library\PackageCache\com.unity.visualscripting@1.7.8\Editor\VisualScripting.Core\Dependencies\YamlDotNet\Unity.VisualScripting.YamlDotNet.dll
Symbol file LoadedFromMemory doesn't match image C:\Users\aaron\Documents\GitHub\FPS-Ragdoll-Gun-Game\FPS-Ragdoll-Gun-Game\Library\PackageCache\com.unity.visualscripting@1.7.8\Editor\VisualScripting.Core\Dependencies\DotNetZip\Unity.VisualScripting.IonicZip.dll
Native extension for WindowsStandalone target not found
Refreshing native plugins compatible for Editor in 1.51 ms, found 3 plugins.
Preloading 0 native plugins for Editor in 0.00 ms.
Mono: successfully reloaded assembly
- Completed reload, in  1.079 seconds
Domain Reload Profiling:
	ReloadAssembly (1079ms)
		BeginReloadAssembly (133ms)
			ExecutionOrderSort (0ms)
			DisableScriptedObjects (7ms)
			BackupInstance (0ms)
			ReleaseScriptingObjects (0ms)
			CreateAndSetChildDomain (50ms)
		EndReloadAssembly (869ms)
			LoadAssemblies (72ms)
			RebuildTransferFunctionScriptingTraits (0ms)
			SetupTypeCache (240ms)
			ReleaseScriptCaches (2ms)
			RebuildScriptCaches (53ms)
			SetupLoadedEditorAssemblies (413ms)
				LogAssemblyErrors (0ms)
				InitializePlatformSupportModulesInManaged (10ms)
				SetLoadedEditorAssemblies (1ms)
				RefreshPlugins (2ms)
				BeforeProcessingInitializeOnLoad (84ms)
				ProcessInitializeOnLoadAttributes (230ms)
				ProcessInitializeOnLoadMethodAttributes (79ms)
				AfterProcessingInitializeOnLoad (9ms)
				EditorAssembliesLoaded (0ms)
			ExecutionOrderSort2 (0ms)
			AwakeInstancesAfterBackupRestoration (22ms)
Platform modules already initialized, skipping
Refreshing native plugins compatible for Editor in 3.54 ms, found 3 plugins.
Preloading 0 native plugins for Editor in 0.00 ms.
Unloading 5091 Unused Serialized files (Serialized files now loaded: 0)
Unloading 37 unused Assets / (1.1 MB). Loaded Objects now: 5756.
Memory consumption went from 202.7 MB to 201.6 MB.
Total: 3.638600 ms (FindLiveObjects: 0.420000 ms CreateObjectMapping: 0.132200 ms MarkObjects: 2.563100 ms  DeleteObjects: 0.522400 ms)

AssetImportParameters requested are different than current active one (requested -> active):
  custom:video-decoder-ogg-theora: a1e56fd34408186e4bbccfd4996cb3dc -> 
  custom:container-muxer-webm: aa71ff27fc2769a1b78a27578f13a17b -> 
  custom:container-demuxer-webm: 4f35f7cbe854078d1ac9338744f61a02 -> 
  custom:video-encoder-webm-vp8: eb34c28f22e8b96e1ab97ce403110664 -> 
  custom:video-codec-MediaFoundation-h265: 746d11721c4dcdbdad8f713fa42b33f4 -> 
  custom:audio-encoder-webm-vorbis: bf7c407c2cedff20999df2af8eb42d56 -> 
  custom:framework-win-MediaFoundation: 216162199b28c13a410421893ffa2e32 -> 
  custom:container-demuxer-ogg: 62fdf1f143b41e24485cea50d1cbac27 -> 
  custom:video-decoder-webm-vp8: 9c59270c3fd7afecdb556c50c9e8de78 -> 
  custom:audio-decoder-ogg-vorbis: bf7c407c2cedff20999df2af8eb42d56 -> 
========================================================================
Received Import Request.
  Time since last request: 441.298808 seconds.
  path: Assets/Prefab/Barricade Ghost.prefab
  artifactKey: Guid(a39da8aa4cf180f43922b813159bd228) Importer(815301076,1909f56bfc062723c751e8b465ee728b)
Start importing Assets/Prefab/Barricade Ghost.prefab using Guid(a39da8aa4cf180f43922b813159bd228) Importer(815301076,1909f56bfc062723c751e8b465ee728b)  -> (artifact id: '9e7cffd3538b23422f9486864fd88096') in 0.205702 seconds 
========================================================================
Received Import Request.
  Time since last request: 0.000027 seconds.
  path: Assets/Prefab/Spike Ghost.prefab
  artifactKey: Guid(63c905c6b0f489140afe41475c4a8d2c) Importer(815301076,1909f56bfc062723c751e8b465ee728b)
Start importing Assets/Prefab/Spike Ghost.prefab using Guid(63c905c6b0f489140afe41475c4a8d2c) Importer(815301076,1909f56bfc062723c751e8b465ee728b)  -> (artifact id: 'c27f01f05335a659236dd0b067ea88e8') in 0.037217 seconds 
========================================================================
Received Import Request.
  Time since last request: 7.660755 seconds.
  path: Assets/Moddels/DirtWall.fbx
  artifactKey: Guid(c5f3e0a0ec45d7e4e908bd272bb7aaae) Importer(815301076,1909f56bfc062723c751e8b465ee728b)
Start importing Assets/Moddels/DirtWall.fbx using Guid(c5f3e0a0ec45d7e4e908bd272bb7aaae) Importer(815301076,1909f56bfc062723c751e8b465ee728b)  -> (artifact id: '4c17150b5977318b3066d896e8e6e7f5') in 0.052802 seconds 
========================================================================
Received Import Request.
  Time since last request: 204.113907 seconds.
  path: Assets/Moddels/DirtWall.fbx
  artifactKey: Guid(c5f3e0a0ec45d7e4e908bd272bb7aaae) Importer(815301076,1909f56bfc062723c751e8b465ee728b)
Start importing Assets/Moddels/DirtWall.fbx using Guid(c5f3e0a0ec45d7e4e908bd272bb7aaae) Importer(815301076,1909f56bfc062723c751e8b465ee728b)  -> (artifact id: '440877a999d4e7a048bdbfa9a3bba548') in 0.041414 seconds 
========================================================================
Received Import Request.
  Time since last request: 69.587500 seconds.
  path: Assets/Moddels/DirtWall.fbx
  artifactKey: Guid(c5f3e0a0ec45d7e4e908bd272bb7aaae) Importer(815301076,1909f56bfc062723c751e8b465ee728b)
Start importing Assets/Moddels/DirtWall.fbx using Guid(c5f3e0a0ec45d7e4e908bd272bb7aaae) Importer(815301076,1909f56bfc062723c751e8b465ee728b)  -> (artifact id: 'e73863f6562f142ac61d8d4a5bfbbff8') in 0.059029 seconds 
========================================================================
Received Import Request.
  Time since last request: 46.010867 seconds.
  path: Assets/Moddels/DirtWall.fbx
  artifactKey: Guid(c5f3e0a0ec45d7e4e908bd272bb7aaae) Importer(815301076,1909f56bfc062723c751e8b465ee728b)
Start importing Assets/Moddels/DirtWall.fbx using Guid(c5f3e0a0ec45d7e4e908bd272bb7aaae) Importer(815301076,1909f56bfc062723c751e8b465ee728b)  -> (artifact id: '7e13f573b107b7d021dc22b6dd9a6a65') in 0.035970 seconds 
========================================================================
Received Import Request.
  Time since last request: 1612.370056 seconds.
  path: Assets/Moddels/DirtPrefab.fbx
  artifactKey: Guid(1f0f2716b85b22d4d95b211cb495e2c6) Importer(815301076,1909f56bfc062723c751e8b465ee728b)
Start importing Assets/Moddels/DirtPrefab.fbx using Guid(1f0f2716b85b22d4d95b211cb495e2c6) Importer(815301076,1909f56bfc062723c751e8b465ee728b)  -> (artifact id: 'ac97f7827804476f2942df5150d397dc') in 0.108666 seconds 
========================================================================
Received Prepare
Registering precompiled user dll's ...
Registered in 0.006820 seconds.
Begin MonoManager ReloadAssembly
Symbol file LoadedFromMemory doesn't match image C:\Users\aaron\Documents\GitHub\FPS-Ragdoll-Gun-Game\FPS-Ragdoll-Gun-Game\Library\PackageCache\com.unity.visualscripting@1.7.8\Editor\VisualScripting.Core\Dependencies\YamlDotNet\Unity.VisualScripting.YamlDotNet.dll
Symbol file LoadedFromMemory doesn't match image C:\Users\aaron\Documents\GitHub\FPS-Ragdoll-Gun-Game\FPS-Ragdoll-Gun-Game\Library\PackageCache\com.unity.visualscripting@1.7.8\Editor\VisualScripting.Core\Dependencies\DotNetZip\Unity.VisualScripting.IonicZip.dll
Native extension for WindowsStandalone target not found
Refreshing native plugins compatible for Editor in 1.76 ms, found 3 plugins.
Preloading 0 native plugins for Editor in 0.00 ms.
Mono: successfully reloaded assembly
- Completed reload, in  1.086 seconds
Domain Reload Profiling:
	ReloadAssembly (1087ms)
		BeginReloadAssembly (135ms)
			ExecutionOrderSort (0ms)
			DisableScriptedObjects (8ms)
			BackupInstance (0ms)
			ReleaseScriptingObjects (0ms)
			CreateAndSetChildDomain (49ms)
		EndReloadAssembly (858ms)
			LoadAssemblies (78ms)
			RebuildTransferFunctionScriptingTraits (0ms)
			SetupTypeCache (232ms)
			ReleaseScriptCaches (3ms)
			RebuildScriptCaches (48ms)
			SetupLoadedEditorAssemblies (412ms)
				LogAssemblyErrors (0ms)
				InitializePlatformSupportModulesInManaged (13ms)
				SetLoadedEditorAssemblies (1ms)
				RefreshPlugins (2ms)
				BeforeProcessingInitializeOnLoad (89ms)
				ProcessInitializeOnLoadAttributes (226ms)
				ProcessInitializeOnLoadMethodAttributes (74ms)
				AfterProcessingInitializeOnLoad (7ms)
				EditorAssembliesLoaded (0ms)
			ExecutionOrderSort2 (0ms)
			AwakeInstancesAfterBackupRestoration (23ms)
Platform modules already initialized, skipping
Refreshing native plugins compatible for Editor in 2.69 ms, found 3 plugins.
Preloading 0 native plugins for Editor in 0.00 ms.
Unloading 5091 Unused Serialized files (Serialized files now loaded: 0)
Unloading 37 unused Assets / (1.1 MB). Loaded Objects now: 5801.
Memory consumption went from 203.0 MB to 201.9 MB.
Total: 4.512700 ms (FindLiveObjects: 0.674900 ms CreateObjectMapping: 0.384400 ms MarkObjects: 2.973700 ms  DeleteObjects: 0.478700 ms)

AssetImportParameters requested are different than current active one (requested -> active):
  custom:video-decoder-ogg-theora: a1e56fd34408186e4bbccfd4996cb3dc -> 
  custom:container-muxer-webm: aa71ff27fc2769a1b78a27578f13a17b -> 
  custom:container-demuxer-webm: 4f35f7cbe854078d1ac9338744f61a02 -> 
  custom:video-encoder-webm-vp8: eb34c28f22e8b96e1ab97ce403110664 -> 
  custom:video-codec-MediaFoundation-h265: 746d11721c4dcdbdad8f713fa42b33f4 -> 
  custom:audio-encoder-webm-vorbis: bf7c407c2cedff20999df2af8eb42d56 -> 
  custom:framework-win-MediaFoundation: 216162199b28c13a410421893ffa2e32 -> 
  custom:container-demuxer-ogg: 62fdf1f143b41e24485cea50d1cbac27 -> 
  custom:video-decoder-webm-vp8: 9c59270c3fd7afecdb556c50c9e8de78 -> 
  custom:audio-decoder-ogg-vorbis: bf7c407c2cedff20999df2af8eb42d56 -> 
========================================================================
Received Import Request.
  Time since last request: 296.589629 seconds.
  path: Assets/Moddels/DirtPrefab.fbx
  artifactKey: Guid(1f0f2716b85b22d4d95b211cb495e2c6) Importer(815301076,1909f56bfc062723c751e8b465ee728b)
Start importing Assets/Moddels/DirtPrefab.fbx using Guid(1f0f2716b85b22d4d95b211cb495e2c6) Importer(815301076,1909f56bfc062723c751e8b465ee728b)  -> (artifact id: '1c61424fa57e7f64377bf2d8d8f842c4') in 0.292409 seconds 
========================================================================
Received Import Request.
  Time since last request: 36.403801 seconds.
  path: Assets/Prefab/Dirt Wall.prefab
  artifactKey: Guid(f2d091f8bc8dab5489845388ad629161) Importer(815301076,1909f56bfc062723c751e8b465ee728b)
Start importing Assets/Prefab/Dirt Wall.prefab using Guid(f2d091f8bc8dab5489845388ad629161) Importer(815301076,1909f56bfc062723c751e8b465ee728b)  -> (artifact id: '0e600905712ed15abdd2370b08199f53') in 0.019388 seconds 
========================================================================
Received Import Request.
  Time since last request: 0.027584 seconds.
  path: Assets/Prefab/Inside Wall.prefab
  artifactKey: Guid(efeea735ec5694241b46657c7eaaffa5) Importer(815301076,1909f56bfc062723c751e8b465ee728b)
Start importing Assets/Prefab/Inside Wall.prefab using Guid(efeea735ec5694241b46657c7eaaffa5) Importer(815301076,1909f56bfc062723c751e8b465ee728b)  -> (artifact id: 'ec7fcb7dd68b7d82418fb5dc0e36f764') in 0.019086 seconds 
========================================================================
Received Import Request.
  Time since last request: 129.847752 seconds.
  path: Assets/Prefab/Dirt Wall.prefab
  artifactKey: Guid(f2d091f8bc8dab5489845388ad629161) Importer(815301076,1909f56bfc062723c751e8b465ee728b)
Start importing Assets/Prefab/Dirt Wall.prefab using Guid(f2d091f8bc8dab5489845388ad629161) Importer(815301076,1909f56bfc062723c751e8b465ee728b)  -> (artifact id: '688305991d0abae127414d7ca56e6a34') in 0.018466 seconds 
========================================================================
Received Import Request.
  Time since last request: 0.000039 seconds.
  path: Assets/Prefab/Outside Wall.prefab
  artifactKey: Guid(7d789ce53f7af4840833ea86521f9024) Importer(815301076,1909f56bfc062723c751e8b465ee728b)
Start importing Assets/Prefab/Outside Wall.prefab using Guid(7d789ce53f7af4840833ea86521f9024) Importer(815301076,1909f56bfc062723c751e8b465ee728b)  -> (artifact id: 'f66044b4e1486fbb7ab7117ed1087d67') in 0.025892 seconds 
========================================================================
Received Prepare
Registering precompiled user dll's ...
Registered in 0.005859 seconds.
Begin MonoManager ReloadAssembly
Symbol file LoadedFromMemory doesn't match image C:\Users\aaron\Documents\GitHub\FPS-Ragdoll-Gun-Game\FPS-Ragdoll-Gun-Game\Library\PackageCache\com.unity.visualscripting@1.7.8\Editor\VisualScripting.Core\Dependencies\YamlDotNet\Unity.VisualScripting.YamlDotNet.dll
Symbol file LoadedFromMemory doesn't match image C:\Users\aaron\Documents\GitHub\FPS-Ragdoll-Gun-Game\FPS-Ragdoll-Gun-Game\Library\PackageCache\com.unity.visualscripting@1.7.8\Editor\VisualScripting.Core\Dependencies\DotNetZip\Unity.VisualScripting.IonicZip.dll
Native extension for WindowsStandalone target not found
Refreshing native plugins compatible for Editor in 1.63 ms, found 3 plugins.
Preloading 0 native plugins for Editor in 0.00 ms.
Error saving file Library/StateCache/LayerSettings/9e/9ecc5c3c162a7aba29bafa64c8b94b7c.json. Error: System.IO.IOException: Sharing violation on path C:\Users\aaron\Documents\GitHub\FPS-Ragdoll-Gun-Game\FPS-Ragdoll-Gun-Game\Library\StateCache\LayerSettings\9e\9ecc5c3c162a7aba29bafa64c8b94b7c.json
  at System.IO.FileStream..ctor (System.String path, System.IO.FileMode mode, System.IO.FileAccess access, System.IO.FileShare share, System.Int32 bufferSize, System.Boolean anonymous, System.IO.FileOptions options) [0x0019e] in <9aad1b3a47484d63ba2b3985692d80e9>:0 
  at System.IO.FileStream..ctor (System.String path, System.IO.FileMode mode, System.IO.FileAccess access, System.IO.FileShare share, System.Int32 bufferSize, System.IO.FileOptions options) [0x00000] in <9aad1b3a47484d63ba2b3985692d80e9>:0 
  at (wrapper remoting-invoke-with-check) System.IO.FileStream..ctor(string,System.IO.FileMode,System.IO.FileAccess,System.IO.FileShare,int,System.IO.FileOptions)
  at System.IO.StreamWriter..ctor (System.String path, System.Boolean append, System.Text.Encoding encoding, System.Int32 bufferSize) [0x00055] in <9aad1b3a47484d63ba2b3985692d80e9>:0 
  at System.IO.StreamWriter..ctor (System.String path, System.Boolean append, System.Text.Encoding encoding) [0x00000] in <9aad1b3a47484d63ba2b3985692d80e9>:0 
  at (wrapper remoting-invoke-with-check) System.IO.StreamWriter..ctor(string,bool,System.Text.Encoding)
  at System.IO.File.WriteAllText (System.String path, System.String contents, System.Text.Encoding encoding) [0x00034] in <9aad1b3a47484d63ba2b3985692d80e9>:0 
  at UnityEditor.StateCache`1[T].SetState (UnityEngine.Hash128 key, T obj) [0x0004b] in <99feab6f3db6407493924fe4a179a95b>:0 
UnityEngine.StackTraceUtility:ExtractStackTrace ()
UnityEngine.DebugLogHandler:LogFormat (UnityEngine.LogType,UnityEngine.Object,string,object[])
UnityEngine.Logger:Log (UnityEngine.LogType,object)
UnityEngine.Debug:LogError (object)
UnityEditor.StateCache`1<UnityEditor.Tools/LayerSettings>:SetState (UnityEngine.Hash128,UnityEditor.Tools/LayerSettings)
UnityEditor.Tools:set_lockedLayers (int)
UnityEditor.Tools:OnEnable ()
UnityEngine.ScriptableObject:CreateInstance (System.Type)
UnityEngine.ScriptableObject:CreateInstance<UnityEditor.Tools> ()
UnityEditor.Tools:get_get ()
UnityEditor.Tools:get_visibleLayers ()
UnityEditor.Animations.Rigging.BoneRendererUtils:.cctor () (at Library/PackageCache/com.unity.animation.rigging@1.1.1/Editor/Utils/BoneRendererUtils.cs:121)
System.Runtime.CompilerServices.RuntimeHelpers:RunClassConstructor (System.RuntimeTypeHandle)
UnityEditor.EditorAssemblies:ProcessInitializeOnLoadAttributes (System.Type[])

(Filename: Library/PackageCache/com.unity.animation.rigging@1.1.1/Editor/Utils/BoneRendererUtils.cs Line: 121)

Mono: successfully reloaded assembly
- Completed reload, in  1.026 seconds
Domain Reload Profiling:
	ReloadAssembly (1027ms)
		BeginReloadAssembly (122ms)
			ExecutionOrderSort (0ms)
			DisableScriptedObjects (7ms)
			BackupInstance (0ms)
			ReleaseScriptingObjects (0ms)
			CreateAndSetChildDomain (42ms)
		EndReloadAssembly (828ms)
			LoadAssemblies (77ms)
			RebuildTransferFunctionScriptingTraits (0ms)
			SetupTypeCache (229ms)
			ReleaseScriptCaches (2ms)
			RebuildScriptCaches (44ms)
			SetupLoadedEditorAssemblies (391ms)
				LogAssemblyErrors (0ms)
				InitializePlatformSupportModulesInManaged (10ms)
				SetLoadedEditorAssemblies (0ms)
				RefreshPlugins (2ms)
				BeforeProcessingInitializeOnLoad (79ms)
				ProcessInitializeOnLoadAttributes (218ms)
				ProcessInitializeOnLoadMethodAttributes (75ms)
				AfterProcessingInitializeOnLoad (7ms)
				EditorAssembliesLoaded (0ms)
			ExecutionOrderSort2 (0ms)
			AwakeInstancesAfterBackupRestoration (23ms)
Platform modules already initialized, skipping
Refreshing native plugins compatible for Editor in 3.58 ms, found 3 plugins.
Preloading 0 native plugins for Editor in 0.00 ms.
Unloading 5091 Unused Serialized files (Serialized files now loaded: 0)
Unloading 37 unused Assets / (1.1 MB). Loaded Objects now: 5846.
Memory consumption went from 203.1 MB to 202.0 MB.
Total: 5.318800 ms (FindLiveObjects: 0.398400 ms CreateObjectMapping: 0.275900 ms MarkObjects: 3.946700 ms  DeleteObjects: 0.696500 ms)

AssetImportParameters requested are different than current active one (requested -> active):
  custom:video-decoder-ogg-theora: a1e56fd34408186e4bbccfd4996cb3dc -> 
  custom:container-muxer-webm: aa71ff27fc2769a1b78a27578f13a17b -> 
  custom:container-demuxer-webm: 4f35f7cbe854078d1ac9338744f61a02 -> 
  custom:video-encoder-webm-vp8: eb34c28f22e8b96e1ab97ce403110664 -> 
  custom:video-codec-MediaFoundation-h265: 746d11721c4dcdbdad8f713fa42b33f4 -> 
  custom:audio-encoder-webm-vorbis: bf7c407c2cedff20999df2af8eb42d56 -> 
  custom:framework-win-MediaFoundation: 216162199b28c13a410421893ffa2e32 -> 
  custom:container-demuxer-ogg: 62fdf1f143b41e24485cea50d1cbac27 -> 
  custom:video-decoder-webm-vp8: 9c59270c3fd7afecdb556c50c9e8de78 -> 
  custom:audio-decoder-ogg-vorbis: bf7c407c2cedff20999df2af8eb42d56 -> 
========================================================================
Received Prepare
Registering precompiled user dll's ...
Registered in 0.008214 seconds.
Begin MonoManager ReloadAssembly
Symbol file LoadedFromMemory doesn't match image C:\Users\aaron\Documents\GitHub\FPS-Ragdoll-Gun-Game\FPS-Ragdoll-Gun-Game\Library\PackageCache\com.unity.visualscripting@1.7.8\Editor\VisualScripting.Core\Dependencies\YamlDotNet\Unity.VisualScripting.YamlDotNet.dll
Symbol file LoadedFromMemory doesn't match image C:\Users\aaron\Documents\GitHub\FPS-Ragdoll-Gun-Game\FPS-Ragdoll-Gun-Game\Library\PackageCache\com.unity.visualscripting@1.7.8\Editor\VisualScripting.Core\Dependencies\DotNetZip\Unity.VisualScripting.IonicZip.dll
Native extension for WindowsStandalone target not found
Refreshing native plugins compatible for Editor in 1.00 ms, found 3 plugins.
Preloading 0 native plugins for Editor in 0.00 ms.
Error loading file Library/StateCache/LayerSettings/9e/9ecc5c3c162a7aba29bafa64c8b94b7c.json. Error: System.IO.IOException: Sharing violation on path C:\Users\aaron\Documents\GitHub\FPS-Ragdoll-Gun-Game\FPS-Ragdoll-Gun-Game\Library\StateCache\LayerSettings\9e\9ecc5c3c162a7aba29bafa64c8b94b7c.json
  at System.IO.FileStream..ctor (System.String path, System.IO.FileMode mode, System.IO.FileAccess access, System.IO.FileShare share, System.Int32 bufferSize, System.Boolean anonymous, System.IO.FileOptions options) [0x0019e] in <9aad1b3a47484d63ba2b3985692d80e9>:0 
  at System.IO.FileStream..ctor (System.String path, System.IO.FileMode mode, System.IO.FileAccess access, System.IO.FileShare share, System.Int32 bufferSize, System.IO.FileOptions options) [0x00000] in <9aad1b3a47484d63ba2b3985692d80e9>:0 
  at (wrapper remoting-invoke-with-check) System.IO.FileStream..ctor(string,System.IO.FileMode,System.IO.FileAccess,System.IO.FileShare,int,System.IO.FileOptions)
  at System.IO.StreamReader..ctor (System.String path, System.Text.Encoding encoding, System.Boolean detectEncodingFromByteOrderMarks, System.Int32 bufferSize) [0x00055] in <9aad1b3a47484d63ba2b3985692d80e9>:0 
  at System.IO.StreamReader..ctor (System.String path, System.Text.Encoding encoding, System.Boolean detectEncodingFromByteOrderMarks) [0x00000] in <9aad1b3a47484d63ba2b3985692d80e9>:0 
  at (wrapper remoting-invoke-with-check) System.IO.StreamReader..ctor(string,System.Text.Encoding,bool)
  at System.IO.File.InternalReadAllText (System.String path, System.Text.Encoding encoding) [0x00000] in <9aad1b3a47484d63ba2b3985692d80e9>:0 
  at System.IO.File.ReadAllText (System.String path, System.Text.Encoding encoding) [0x00034] in <9aad1b3a47484d63ba2b3985692d80e9>:0 
  at UnityEditor.StateCache`1[T].GetState (UnityEngine.Hash128 key, T defaultValue) [0x00041] in <99feab6f3db6407493924fe4a179a95b>:0 
UnityEngine.StackTraceUtility:ExtractStackTrace ()
UnityEngine.DebugLogHandler:LogFormat (UnityEngine.LogType,UnityEngine.Object,string,object[])
UnityEngine.Logger:Log (UnityEngine.LogType,object)
UnityEngine.Debug:LogError (object)
UnityEditor.StateCache`1<UnityEditor.Tools/LayerSettings>:GetState (UnityEngine.Hash128,UnityEditor.Tools/LayerSettings)
UnityEditor.Tools:OnEnable ()
UnityEngine.ScriptableObject:CreateInstance (System.Type)
UnityEngine.ScriptableObject:CreateInstance<UnityEditor.Tools> ()
UnityEditor.Tools:get_get ()
UnityEditor.Tools:get_visibleLayers ()
UnityEditor.Animations.Rigging.BoneRendererUtils:.cctor () (at Library/PackageCache/com.unity.animation.rigging@1.1.1/Editor/Utils/BoneRendererUtils.cs:121)
System.Runtime.CompilerServices.RuntimeHelpers:RunClassConstructor (System.RuntimeTypeHandle)
UnityEditor.EditorAssemblies:ProcessInitializeOnLoadAttributes (System.Type[])

(Filename: Library/PackageCache/com.unity.animation.rigging@1.1.1/Editor/Utils/BoneRendererUtils.cs Line: 121)

Mono: successfully reloaded assembly
- Completed reload, in  1.063 seconds
Domain Reload Profiling:
	ReloadAssembly (1064ms)
		BeginReloadAssembly (116ms)
			ExecutionOrderSort (0ms)
			DisableScriptedObjects (5ms)
			BackupInstance (0ms)
			ReleaseScriptingObjects (0ms)
			CreateAndSetChildDomain (41ms)
		EndReloadAssembly (866ms)
			LoadAssemblies (72ms)
			RebuildTransferFunctionScriptingTraits (0ms)
			SetupTypeCache (241ms)
			ReleaseScriptCaches (3ms)
			RebuildScriptCaches (45ms)
			SetupLoadedEditorAssemblies (416ms)
				LogAssemblyErrors (0ms)
				InitializePlatformSupportModulesInManaged (9ms)
				SetLoadedEditorAssemblies (0ms)
				RefreshPlugins (1ms)
				BeforeProcessingInitializeOnLoad (85ms)
				ProcessInitializeOnLoadAttributes (242ms)
				ProcessInitializeOnLoadMethodAttributes (71ms)
				AfterProcessingInitializeOnLoad (6ms)
				EditorAssembliesLoaded (0ms)
			ExecutionOrderSort2 (0ms)
			AwakeInstancesAfterBackupRestoration (19ms)
Platform modules already initialized, skipping
Refreshing native plugins compatible for Editor in 3.59 ms, found 3 plugins.
Preloading 0 native plugins for Editor in 0.00 ms.
Unloading 5092 Unused Serialized files (Serialized files now loaded: 0)
Unloading 37 unused Assets / (1.1 MB). Loaded Objects now: 5850.
Memory consumption went from 203.2 MB to 202.1 MB.
Total: 4.122400 ms (FindLiveObjects: 0.549200 ms CreateObjectMapping: 0.158000 ms MarkObjects: 2.834100 ms  DeleteObjects: 0.579900 ms)

AssetImportParameters requested are different than current active one (requested -> active):
  custom:video-decoder-ogg-theora: a1e56fd34408186e4bbccfd4996cb3dc -> 
  custom:container-muxer-webm: aa71ff27fc2769a1b78a27578f13a17b -> 
  custom:container-demuxer-webm: 4f35f7cbe854078d1ac9338744f61a02 -> 
  custom:video-encoder-webm-vp8: eb34c28f22e8b96e1ab97ce403110664 -> 
  custom:video-codec-MediaFoundation-h265: 746d11721c4dcdbdad8f713fa42b33f4 -> 
  custom:audio-encoder-webm-vorbis: bf7c407c2cedff20999df2af8eb42d56 -> 
  custom:framework-win-MediaFoundation: 216162199b28c13a410421893ffa2e32 -> 
  custom:container-demuxer-ogg: 62fdf1f143b41e24485cea50d1cbac27 -> 
  custom:video-decoder-webm-vp8: 9c59270c3fd7afecdb556c50c9e8de78 -> 
  custom:audio-decoder-ogg-vorbis: bf7c407c2cedff20999df2af8eb42d56 -> 
========================================================================
Received Import Request.
  Time since last request: 2495.971416 seconds.
  path: Assets/Moddels/terrainPrefab.fbx
  artifactKey: Guid(189c6b0eaa8665b42914a0948e5de480) Importer(815301076,1909f56bfc062723c751e8b465ee728b)
Start importing Assets/Moddels/terrainPrefab.fbx using Guid(189c6b0eaa8665b42914a0948e5de480) Importer(815301076,1909f56bfc062723c751e8b465ee728b)  -> (artifact id: '048e082d663c8795627d05023926299d') in 0.405648 seconds 
========================================================================
Received Import Request.
  Time since last request: 5.422396 seconds.
  path: Assets/Art/New Material 1.mat
  artifactKey: Guid(953539bf949ef33488b17375ae9f3824) Importer(815301076,1909f56bfc062723c751e8b465ee728b)
Start importing Assets/Art/New Material 1.mat using Guid(953539bf949ef33488b17375ae9f3824) Importer(815301076,1909f56bfc062723c751e8b465ee728b)  -> (artifact id: '7d3a83d78de7cff78a1981c75b52bc58') in 0.018134 seconds 
========================================================================
Received Import Request.
  Time since last request: 23.947747 seconds.
  path: Assets/Art/StoneWall
  artifactKey: Guid(aa52c9c2089d9f1478bcc235e924f29a) Importer(815301076,1909f56bfc062723c751e8b465ee728b)
Start importing Assets/Art/StoneWall using Guid(aa52c9c2089d9f1478bcc235e924f29a) Importer(815301076,1909f56bfc062723c751e8b465ee728b)  -> (artifact id: 'c38c1d731dce2afb0204ab3a0f1a632a') in 0.010135 seconds 
========================================================================
Received Import Request.
  Time since last request: 4.449186 seconds.
  path: Assets/Art/StoneWall/New Material.mat
  artifactKey: Guid(bca10bdd5191e0e4183ee42d2d5879b0) Importer(815301076,1909f56bfc062723c751e8b465ee728b)
Start importing Assets/Art/StoneWall/New Material.mat using Guid(bca10bdd5191e0e4183ee42d2d5879b0) Importer(815301076,1909f56bfc062723c751e8b465ee728b)  -> (artifact id: '7bd06095ccf7365a546d5520b31d206b') in 0.018132 seconds 
========================================================================
Received Import Request.
  Time since last request: 25.514850 seconds.
  path: Assets/Art/StoneWall/New Material 1.mat
  artifactKey: Guid(9c56bace206d9a24690abc832f9bab08) Importer(815301076,1909f56bfc062723c751e8b465ee728b)
Start importing Assets/Art/StoneWall/New Material 1.mat using Guid(9c56bace206d9a24690abc832f9bab08) Importer(815301076,1909f56bfc062723c751e8b465ee728b)  -> (artifact id: '4070de9d7b42f631c5bb142699465c40') in 0.019566 seconds 
========================================================================
Received Import Request.
  Time since last request: 17.556266 seconds.
  path: Assets/Art/StoneWall/New Material 1.mat
  artifactKey: Guid(9c56bace206d9a24690abc832f9bab08) Importer(815301076,1909f56bfc062723c751e8b465ee728b)
Start importing Assets/Art/StoneWall/New Material 1.mat using Guid(9c56bace206d9a24690abc832f9bab08) Importer(815301076,1909f56bfc062723c751e8b465ee728b)  -> (artifact id: '737d0419330b4b2d02ccaae9186119a6') in 0.020833 seconds 
========================================================================
Received Import Request.
  Time since last request: 194.168495 seconds.
  path: Assets/Prefab/Stone Outside Corner.prefab
  artifactKey: Guid(d1fb4764d3885544c8fb7cd9d7bdb461) Importer(815301076,1909f56bfc062723c751e8b465ee728b)
Start importing Assets/Prefab/Stone Outside Corner.prefab using Guid(d1fb4764d3885544c8fb7cd9d7bdb461) Importer(815301076,1909f56bfc062723c751e8b465ee728b)  -> (artifact id: 'f4c424d8bc09929f6358b47aa75bcd38') in 0.022303 seconds 
========================================================================
Received Import Request.
  Time since last request: 0.025151 seconds.
  path: Assets/Prefab/Stone Inside Corner.prefab
  artifactKey: Guid(1f36d389d6074064a9ad8be25407a5ec) Importer(815301076,1909f56bfc062723c751e8b465ee728b)
Start importing Assets/Prefab/Stone Inside Corner.prefab using Guid(1f36d389d6074064a9ad8be25407a5ec) Importer(815301076,1909f56bfc062723c751e8b465ee728b)  -> (artifact id: '5203b85f38fb256f756eedcb2c67883c') in 0.020527 seconds 
========================================================================
Received Import Request.
  Time since last request: 63.588012 seconds.
  path: Assets/Prefab/Stone Inside Corner.prefab
  artifactKey: Guid(1f36d389d6074064a9ad8be25407a5ec) Importer(815301076,1909f56bfc062723c751e8b465ee728b)
Start importing Assets/Prefab/Stone Inside Corner.prefab using Guid(1f36d389d6074064a9ad8be25407a5ec) Importer(815301076,1909f56bfc062723c751e8b465ee728b)  -> (artifact id: '701936bd5a409a314ede6d63ae13a928') in 0.016901 seconds 
========================================================================
Received Import Request.
  Time since last request: 0.000060 seconds.
  path: Assets/Prefab/Stone Wall.prefab
  artifactKey: Guid(e41e2d439173b1a43af05b6b252fdb0a) Importer(815301076,1909f56bfc062723c751e8b465ee728b)
Start importing Assets/Prefab/Stone Wall.prefab using Guid(e41e2d439173b1a43af05b6b252fdb0a) Importer(815301076,1909f56bfc062723c751e8b465ee728b)  -> (artifact id: '49ceb7a4aa52b25d1832d7f2a03582af') in 0.021962 seconds 
========================================================================
Received Prepare
Registering precompiled user dll's ...
Registered in 0.006879 seconds.
Begin MonoManager ReloadAssembly
Symbol file LoadedFromMemory doesn't match image C:\Users\aaron\Documents\GitHub\FPS-Ragdoll-Gun-Game\FPS-Ragdoll-Gun-Game\Library\PackageCache\com.unity.visualscripting@1.7.8\Editor\VisualScripting.Core\Dependencies\YamlDotNet\Unity.VisualScripting.YamlDotNet.dll
Symbol file LoadedFromMemory doesn't match image C:\Users\aaron\Documents\GitHub\FPS-Ragdoll-Gun-Game\FPS-Ragdoll-Gun-Game\Library\PackageCache\com.unity.visualscripting@1.7.8\Editor\VisualScripting.Core\Dependencies\DotNetZip\Unity.VisualScripting.IonicZip.dll
Native extension for WindowsStandalone target not found
Refreshing native plugins compatible for Editor in 1.66 ms, found 3 plugins.
Preloading 0 native plugins for Editor in 0.00 ms.
Mono: successfully reloaded assembly
- Completed reload, in  1.157 seconds
Domain Reload Profiling:
	ReloadAssembly (1158ms)
		BeginReloadAssembly (156ms)
			ExecutionOrderSort (0ms)
			DisableScriptedObjects (10ms)
			BackupInstance (0ms)
			ReleaseScriptingObjects (0ms)
			CreateAndSetChildDomain (57ms)
		EndReloadAssembly (910ms)
			LoadAssemblies (84ms)
			RebuildTransferFunctionScriptingTraits (0ms)
			SetupTypeCache (261ms)
			ReleaseScriptCaches (3ms)
			RebuildScriptCaches (50ms)
			SetupLoadedEditorAssemblies (420ms)
				LogAssemblyErrors (0ms)
				InitializePlatformSupportModulesInManaged (10ms)
				SetLoadedEditorAssemblies (0ms)
				RefreshPlugins (2ms)
				BeforeProcessingInitializeOnLoad (98ms)
				ProcessInitializeOnLoadAttributes (220ms)
				ProcessInitializeOnLoadMethodAttributes (78ms)
				AfterProcessingInitializeOnLoad (12ms)
				EditorAssembliesLoaded (0ms)
			ExecutionOrderSort2 (0ms)
			AwakeInstancesAfterBackupRestoration (28ms)
Platform modules already initialized, skipping
Refreshing native plugins compatible for Editor in 2.37 ms, found 3 plugins.
Preloading 0 native plugins for Editor in 0.00 ms.
Unloading 5091 Unused Serialized files (Serialized files now loaded: 0)
Unloading 37 unused Assets / (1.1 MB). Loaded Objects now: 5895.
Memory consumption went from 203.4 MB to 202.3 MB.
Total: 4.222300 ms (FindLiveObjects: 0.414700 ms CreateObjectMapping: 0.128600 ms MarkObjects: 3.062600 ms  DeleteObjects: 0.614900 ms)

AssetImportParameters requested are different than current active one (requested -> active):
  custom:video-decoder-ogg-theora: a1e56fd34408186e4bbccfd4996cb3dc -> 
  custom:container-muxer-webm: aa71ff27fc2769a1b78a27578f13a17b -> 
  custom:container-demuxer-webm: 4f35f7cbe854078d1ac9338744f61a02 -> 
  custom:video-encoder-webm-vp8: eb34c28f22e8b96e1ab97ce403110664 -> 
  custom:video-codec-MediaFoundation-h265: 746d11721c4dcdbdad8f713fa42b33f4 -> 
  custom:audio-encoder-webm-vorbis: bf7c407c2cedff20999df2af8eb42d56 -> 
  custom:framework-win-MediaFoundation: 216162199b28c13a410421893ffa2e32 -> 
  custom:container-demuxer-ogg: 62fdf1f143b41e24485cea50d1cbac27 -> 
  custom:video-decoder-webm-vp8: 9c59270c3fd7afecdb556c50c9e8de78 -> 
  custom:audio-decoder-ogg-vorbis: bf7c407c2cedff20999df2af8eb42d56 -> 
